================================================================================
  UNIFIED REPLICATION OPERATOR - TEST EXECUTION RESULTS
  Date: October 10, 2025
================================================================================

OVERALL STATUS: FAILED (5 of 12 packages failing)

SUMMARY
-------
✅ Passing:  7 packages (200+ tests)
❌ Failing:  5 packages (6 specific test failures)
⚠️  Skipped: 2 tests (intentionally disabled)

CRITICAL ISSUES (Must Fix Immediately)
---------------------------------------
1. pkg/adapters - TestMockTridentAdapter/GetReplicationStatus
   → Nil pointer panic due to 1% simulated failure rate
   → Fix: Set StatusSuccessRate to 1.0 in test config (line 174)

2. test/integration - Compilation Error
   → References non-existent field: Trident.Actions
   → Fix: Remove lines 209-210 (Actions field removed from API)

3. test/utils - Compilation Error  
   → Undefined variable: actions
   → Fix: Remove actions parameter from WithTridentExtensions() call (line 73)

MEDIUM PRIORITY ISSUES
----------------------
4. test/fixtures - 4 string assertion failures
   → Failure message missing "fail" keyword (line 203)
   → Transition messages missing "can"/"cannot" (lines 445, 451, 469)
   → Fix: Update message strings in samples.go

LOW PRIORITY ISSUES
-------------------
5. pkg/discovery - TestCapabilityIntegration
   → Missing etcd binary for envtest
   → Fix: Install kubebuilder test tools (optional - test already skips)

ROOT CAUSE
----------
Most failures caused by API changes to TridentExtensions struct:
- TridentExtensions is now empty (no Actions field)
- Tests not updated to reflect API changes
- Helper functions still expect removed parameters

PASSING HIGHLIGHTS
------------------
✅ All controller tests (state machine, retry logic)
✅ All adapter compatibility tests (cross-backend)  
✅ All performance tests (157+ ops/sec stress test)
✅ All E2E workflow tests
✅ All API validation tests

TIME TO FIX
-----------
Estimated: 15-20 minutes
- 5 min: Fix compilation errors (issues #2 and #3)
- 5 min: Fix mock adapter config (issue #1)
- 5 min: Update message strings (issue #4)
- 5 min: Verify and rerun tests

DETAILED DOCUMENTATION
----------------------
See these files for more information:
- TEST_SUMMARY.md          - Comprehensive overview with tables
- TEST_FAILURES_REPORT.md  - Detailed analysis of each failure
- TEST_FIX_GUIDE.md        - Step-by-step fix instructions

QUICK FIX COMMANDS
------------------
1. Edit pkg/adapters/mock_adapters_test.go:174
   Change: DefaultMockTridentConfig()
   To: &MockTridentConfig{StatusSuccessRate: 1.0, ...}

2. Edit test/integration/unifiedvolumereplication_test.go:209-210
   Delete: Lines referencing Trident.Actions

3. Edit test/utils/crd_helpers_test.go:73
   Change: WithTridentExtensions(actions)
   To: WithTridentExtensions()

4. Edit test/utils/crd_helpers.go:187
   Change: func (b *CRDBuilder) WithTridentExtensions(actions interface{})
   To: func (b *CRDBuilder) WithTridentExtensions()

5. Edit test/fixtures/samples.go:203, 445, 451, 469
   Update: Add "fail" or "can"/"cannot" to messages

6. Run: go test ./... -v

CONFIDENCE LEVEL
----------------
High confidence in fixes:
- Issues clearly identified with line numbers
- Root causes understood
- Fixes are straightforward text changes
- No complex refactoring required

SYSTEM HEALTH
-------------
Despite test failures, the system shows:
✅ Strong core functionality (controller, state machine)
✅ Excellent performance (high throughput, low latency)
✅ Good architecture (cross-backend compatibility)
✅ Comprehensive test coverage

The failures are test infrastructure issues, not runtime bugs.

================================================================================

